Determining if the pthread_create exist failed with the following output:
Change Dir: /home/pi/gopigo3_ws/src/motion_allocator/CMakeFiles/CMakeTmp

Run Build Command:"/usr/bin/make" "cmTC_2fbea/fast"
/usr/bin/make -f CMakeFiles/cmTC_2fbea.dir/build.make CMakeFiles/cmTC_2fbea.dir/build
make[1]: Entering directory '/home/pi/gopigo3_ws/src/motion_allocator/CMakeFiles/CMakeTmp'
Building C object CMakeFiles/cmTC_2fbea.dir/CheckSymbolExists.c.o
/usr/bin/cc     -o CMakeFiles/cmTC_2fbea.dir/CheckSymbolExists.c.o   -c /home/pi/gopigo3_ws/src/motion_allocator/CMakeFiles/CMakeTmp/CheckSymbolExists.c
Linking C executable cmTC_2fbea
/usr/bin/cmake -E cmake_link_script CMakeFiles/cmTC_2fbea.dir/link.txt --verbose=1
/usr/bin/cc       CMakeFiles/cmTC_2fbea.dir/CheckSymbolExists.c.o  -o cmTC_2fbea -rdynamic 
CMakeFiles/cmTC_2fbea.dir/CheckSymbolExists.c.o: In function `main':
CheckSymbolExists.c:(.text+0x38): undefined reference to `pthread_create'
collect2: error: ld returned 1 exit status
CMakeFiles/cmTC_2fbea.dir/build.make:97: recipe for target 'cmTC_2fbea' failed
make[1]: *** [cmTC_2fbea] Error 1
make[1]: Leaving directory '/home/pi/gopigo3_ws/src/motion_allocator/CMakeFiles/CMakeTmp'
Makefile:126: recipe for target 'cmTC_2fbea/fast' failed
make: *** [cmTC_2fbea/fast] Error 2

File /home/pi/gopigo3_ws/src/motion_allocator/CMakeFiles/CMakeTmp/CheckSymbolExists.c:
/* */
#include <pthread.h>

int main(int argc, char** argv)
{
  (void)argv;
#ifndef pthread_create
  return ((int*)(&pthread_create))[argc];
#else
  (void)argc;
  return 0;
#endif
}

Determining if the function pthread_create exists in the pthreads failed with the following output:
Change Dir: /home/pi/gopigo3_ws/src/motion_allocator/CMakeFiles/CMakeTmp

Run Build Command:"/usr/bin/make" "cmTC_8b50b/fast"
/usr/bin/make -f CMakeFiles/cmTC_8b50b.dir/build.make CMakeFiles/cmTC_8b50b.dir/build
make[1]: Entering directory '/home/pi/gopigo3_ws/src/motion_allocator/CMakeFiles/CMakeTmp'
Building C object CMakeFiles/cmTC_8b50b.dir/CheckFunctionExists.c.o
/usr/bin/cc    -DCHECK_FUNCTION_EXISTS=pthread_create   -o CMakeFiles/cmTC_8b50b.dir/CheckFunctionExists.c.o   -c /usr/share/cmake-3.7/Modules/CheckFunctionExists.c
Linking C executable cmTC_8b50b
/usr/bin/cmake -E cmake_link_script CMakeFiles/cmTC_8b50b.dir/link.txt --verbose=1
/usr/bin/cc   -DCHECK_FUNCTION_EXISTS=pthread_create    CMakeFiles/cmTC_8b50b.dir/CheckFunctionExists.c.o  -o cmTC_8b50b -rdynamic -lpthreads 
/usr/bin/ld: cannot find -lpthreads
collect2: error: ld returned 1 exit status
CMakeFiles/cmTC_8b50b.dir/build.make:97: recipe for target 'cmTC_8b50b' failed
make[1]: *** [cmTC_8b50b] Error 1
make[1]: Leaving directory '/home/pi/gopigo3_ws/src/motion_allocator/CMakeFiles/CMakeTmp'
Makefile:126: recipe for target 'cmTC_8b50b/fast' failed
make: *** [cmTC_8b50b/fast] Error 2


