Determining if the pthread_create exist failed with the following output:
Change Dir: /home/pi/gopigo3_ws/src/rc_rover_node/CMakeFiles/CMakeTmp

Run Build Command:"/usr/bin/make" "cmTC_082a0/fast"
/usr/bin/make -f CMakeFiles/cmTC_082a0.dir/build.make CMakeFiles/cmTC_082a0.dir/build
make[1]: Entering directory '/home/pi/gopigo3_ws/src/rc_rover_node/CMakeFiles/CMakeTmp'
Building C object CMakeFiles/cmTC_082a0.dir/CheckSymbolExists.c.o
/usr/bin/cc     -o CMakeFiles/cmTC_082a0.dir/CheckSymbolExists.c.o   -c /home/pi/gopigo3_ws/src/rc_rover_node/CMakeFiles/CMakeTmp/CheckSymbolExists.c
Linking C executable cmTC_082a0
/usr/bin/cmake -E cmake_link_script CMakeFiles/cmTC_082a0.dir/link.txt --verbose=1
/usr/bin/cc       CMakeFiles/cmTC_082a0.dir/CheckSymbolExists.c.o  -o cmTC_082a0 -rdynamic 
CMakeFiles/cmTC_082a0.dir/CheckSymbolExists.c.o: In function `main':
CheckSymbolExists.c:(.text+0x38): undefined reference to `pthread_create'
collect2: error: ld returned 1 exit status
CMakeFiles/cmTC_082a0.dir/build.make:97: recipe for target 'cmTC_082a0' failed
make[1]: *** [cmTC_082a0] Error 1
make[1]: Leaving directory '/home/pi/gopigo3_ws/src/rc_rover_node/CMakeFiles/CMakeTmp'
Makefile:126: recipe for target 'cmTC_082a0/fast' failed
make: *** [cmTC_082a0/fast] Error 2

File /home/pi/gopigo3_ws/src/rc_rover_node/CMakeFiles/CMakeTmp/CheckSymbolExists.c:
/* */
#include <pthread.h>

int main(int argc, char** argv)
{
  (void)argv;
#ifndef pthread_create
  return ((int*)(&pthread_create))[argc];
#else
  (void)argc;
  return 0;
#endif
}

Determining if the function pthread_create exists in the pthreads failed with the following output:
Change Dir: /home/pi/gopigo3_ws/src/rc_rover_node/CMakeFiles/CMakeTmp

Run Build Command:"/usr/bin/make" "cmTC_a4cb5/fast"
/usr/bin/make -f CMakeFiles/cmTC_a4cb5.dir/build.make CMakeFiles/cmTC_a4cb5.dir/build
make[1]: Entering directory '/home/pi/gopigo3_ws/src/rc_rover_node/CMakeFiles/CMakeTmp'
Building C object CMakeFiles/cmTC_a4cb5.dir/CheckFunctionExists.c.o
/usr/bin/cc    -DCHECK_FUNCTION_EXISTS=pthread_create   -o CMakeFiles/cmTC_a4cb5.dir/CheckFunctionExists.c.o   -c /usr/share/cmake-3.7/Modules/CheckFunctionExists.c
Linking C executable cmTC_a4cb5
/usr/bin/cmake -E cmake_link_script CMakeFiles/cmTC_a4cb5.dir/link.txt --verbose=1
/usr/bin/cc   -DCHECK_FUNCTION_EXISTS=pthread_create    CMakeFiles/cmTC_a4cb5.dir/CheckFunctionExists.c.o  -o cmTC_a4cb5 -rdynamic -lpthreads 
/usr/bin/ld: cannot find -lpthreads
collect2: error: ld returned 1 exit status
CMakeFiles/cmTC_a4cb5.dir/build.make:97: recipe for target 'cmTC_a4cb5' failed
make[1]: *** [cmTC_a4cb5] Error 1
make[1]: Leaving directory '/home/pi/gopigo3_ws/src/rc_rover_node/CMakeFiles/CMakeTmp'
Makefile:126: recipe for target 'cmTC_a4cb5/fast' failed
make: *** [cmTC_a4cb5/fast] Error 2


